[0.276s] DEBUG:colcon:Command line arguments: ['/usr/bin/colcon', 'build', '--symlink-install']
[0.276s] DEBUG:colcon:Parsed command line arguments: Namespace(ament_cmake_args=None, base_paths='.', build_base='build', catkin_cmake_args=None, catkin_skip_building_tests=False, cmake_args=None, cmake_clean_cache=False, cmake_clean_first=False, cmake_force_configure=False, cmake_target=None, cmake_target_skip_unavailable=False, continue_on_error=False, event_handlers=None, executor='parallel', ignore_user_meta=False, install_base='install', log_base='log', log_level=None, main=<bound method BuildVerb.main of <colcon_core.verb.build.BuildVerb object at 0x7fc5e9143128>>, merge_install=False, metas='./colcon.meta', packages_above=None, packages_above_depth=None, packages_end=None, packages_ignore=None, packages_ignore_regex=None, packages_select=None, packages_select_build_failed=False, packages_select_by_dep=None, packages_select_regex=None, packages_select_test_failures=False, packages_skip=None, packages_skip_build_finished=False, packages_skip_by_dep=None, packages_skip_regex=None, packages_skip_test_passed=False, packages_skip_up_to=None, packages_start=None, packages_up_to=None, parallel_workers=4, paths=None, symlink_install=True, test_result_base=None, verb_extension=<colcon_core.verb.build.BuildVerb object at 0x7fc5e9143128>, verb_name='build', verb_parser=<colcon_defaults.argument_parser.defaults.DefaultArgumentsDecorator object at 0x7fc5e9143438>)
[0.345s] Level 1:colcon.colcon_core.package_discovery:discover_packages(colcon_meta) check parameters
[0.346s] Level 1:colcon.colcon_core.package_discovery:discover_packages(recursive) check parameters
[0.346s] Level 1:colcon.colcon_core.package_discovery:discover_packages(ignore) check parameters
[0.346s] Level 1:colcon.colcon_core.package_discovery:discover_packages(path) check parameters
[0.346s] Level 1:colcon.colcon_core.package_discovery:discover_packages(recursive) discover
[0.347s] INFO:colcon.colcon_core.package_discovery:Crawling recursively for packages in '/home/konu/Desktop/stuff/ros2_gazebo_custom_plug_ws'
[0.347s] Level 1:colcon.colcon_core.package_identification:_identify(/home/konu/Desktop/stuff/ros2_gazebo_custom_plug_ws) by extensions ['ignore', 'ignore_ament_install']
[0.348s] Level 1:colcon.colcon_core.package_identification:_identify(/home/konu/Desktop/stuff/ros2_gazebo_custom_plug_ws) by extension 'ignore'
[0.348s] Level 1:colcon.colcon_core.package_identification:_identify(/home/konu/Desktop/stuff/ros2_gazebo_custom_plug_ws) by extension 'ignore_ament_install'
[0.348s] Level 1:colcon.colcon_core.package_identification:_identify(/home/konu/Desktop/stuff/ros2_gazebo_custom_plug_ws) by extensions ['colcon_pkg']
[0.348s] Level 1:colcon.colcon_core.package_identification:_identify(/home/konu/Desktop/stuff/ros2_gazebo_custom_plug_ws) by extension 'colcon_pkg'
[0.349s] Level 1:colcon.colcon_core.package_identification:_identify(/home/konu/Desktop/stuff/ros2_gazebo_custom_plug_ws) by extensions ['colcon_meta']
[0.349s] Level 1:colcon.colcon_core.package_identification:_identify(/home/konu/Desktop/stuff/ros2_gazebo_custom_plug_ws) by extension 'colcon_meta'
[0.349s] Level 1:colcon.colcon_core.package_identification:_identify(/home/konu/Desktop/stuff/ros2_gazebo_custom_plug_ws) by extensions ['ros']
[0.349s] Level 1:colcon.colcon_core.package_identification:_identify(/home/konu/Desktop/stuff/ros2_gazebo_custom_plug_ws) by extension 'ros'
[0.370s] Level 1:colcon.colcon_core.package_identification:_identify(/home/konu/Desktop/stuff/ros2_gazebo_custom_plug_ws) by extensions ['cmake', 'python']
[0.371s] Level 1:colcon.colcon_core.package_identification:_identify(/home/konu/Desktop/stuff/ros2_gazebo_custom_plug_ws) by extension 'cmake'
[0.371s] Level 1:colcon.colcon_core.package_identification:_identify(/home/konu/Desktop/stuff/ros2_gazebo_custom_plug_ws) by extension 'python'
[0.371s] Level 1:colcon.colcon_core.package_identification:_identify(/home/konu/Desktop/stuff/ros2_gazebo_custom_plug_ws) by extensions ['python_setup_py']
[0.371s] Level 1:colcon.colcon_core.package_identification:_identify(/home/konu/Desktop/stuff/ros2_gazebo_custom_plug_ws) by extension 'python_setup_py'
[0.372s] Level 1:colcon.colcon_core.package_identification:_identify(/home/konu/Desktop/stuff/ros2_gazebo_custom_plug_ws/build) by extensions ['ignore', 'ignore_ament_install']
[0.372s] Level 1:colcon.colcon_core.package_identification:_identify(/home/konu/Desktop/stuff/ros2_gazebo_custom_plug_ws/build) by extension 'ignore'
[0.372s] Level 1:colcon.colcon_core.package_identification:_identify(/home/konu/Desktop/stuff/ros2_gazebo_custom_plug_ws/build) ignored
[0.373s] Level 1:colcon.colcon_core.package_identification:_identify(/home/konu/Desktop/stuff/ros2_gazebo_custom_plug_ws/install) by extensions ['ignore', 'ignore_ament_install']
[0.373s] Level 1:colcon.colcon_core.package_identification:_identify(/home/konu/Desktop/stuff/ros2_gazebo_custom_plug_ws/install) by extension 'ignore'
[0.374s] Level 1:colcon.colcon_core.package_identification:_identify(/home/konu/Desktop/stuff/ros2_gazebo_custom_plug_ws/install) ignored
[0.374s] Level 1:colcon.colcon_core.package_identification:_identify(/home/konu/Desktop/stuff/ros2_gazebo_custom_plug_ws/log) by extensions ['ignore', 'ignore_ament_install']
[0.374s] Level 1:colcon.colcon_core.package_identification:_identify(/home/konu/Desktop/stuff/ros2_gazebo_custom_plug_ws/log) by extension 'ignore'
[0.374s] Level 1:colcon.colcon_core.package_identification:_identify(/home/konu/Desktop/stuff/ros2_gazebo_custom_plug_ws/log) ignored
[0.374s] Level 1:colcon.colcon_core.package_identification:_identify(/home/konu/Desktop/stuff/ros2_gazebo_custom_plug_ws/src) by extensions ['ignore', 'ignore_ament_install']
[0.375s] Level 1:colcon.colcon_core.package_identification:_identify(/home/konu/Desktop/stuff/ros2_gazebo_custom_plug_ws/src) by extension 'ignore'
[0.375s] Level 1:colcon.colcon_core.package_identification:_identify(/home/konu/Desktop/stuff/ros2_gazebo_custom_plug_ws/src) by extension 'ignore_ament_install'
[0.375s] Level 1:colcon.colcon_core.package_identification:_identify(/home/konu/Desktop/stuff/ros2_gazebo_custom_plug_ws/src) by extensions ['colcon_pkg']
[0.375s] Level 1:colcon.colcon_core.package_identification:_identify(/home/konu/Desktop/stuff/ros2_gazebo_custom_plug_ws/src) by extension 'colcon_pkg'
[0.375s] Level 1:colcon.colcon_core.package_identification:_identify(/home/konu/Desktop/stuff/ros2_gazebo_custom_plug_ws/src) by extensions ['colcon_meta']
[0.375s] Level 1:colcon.colcon_core.package_identification:_identify(/home/konu/Desktop/stuff/ros2_gazebo_custom_plug_ws/src) by extension 'colcon_meta'
[0.376s] Level 1:colcon.colcon_core.package_identification:_identify(/home/konu/Desktop/stuff/ros2_gazebo_custom_plug_ws/src) by extensions ['ros']
[0.376s] Level 1:colcon.colcon_core.package_identification:_identify(/home/konu/Desktop/stuff/ros2_gazebo_custom_plug_ws/src) by extension 'ros'
[0.376s] Level 1:colcon.colcon_core.package_identification:_identify(/home/konu/Desktop/stuff/ros2_gazebo_custom_plug_ws/src) by extensions ['cmake', 'python']
[0.376s] Level 1:colcon.colcon_core.package_identification:_identify(/home/konu/Desktop/stuff/ros2_gazebo_custom_plug_ws/src) by extension 'cmake'
[0.376s] Level 1:colcon.colcon_core.package_identification:_identify(/home/konu/Desktop/stuff/ros2_gazebo_custom_plug_ws/src) by extension 'python'
[0.376s] Level 1:colcon.colcon_core.package_identification:_identify(/home/konu/Desktop/stuff/ros2_gazebo_custom_plug_ws/src) by extensions ['python_setup_py']
[0.377s] Level 1:colcon.colcon_core.package_identification:_identify(/home/konu/Desktop/stuff/ros2_gazebo_custom_plug_ws/src) by extension 'python_setup_py'
[0.377s] Level 1:colcon.colcon_core.package_identification:_identify(/home/konu/Desktop/stuff/ros2_gazebo_custom_plug_ws/src/testing_gazebo) by extensions ['ignore', 'ignore_ament_install']
[0.377s] Level 1:colcon.colcon_core.package_identification:_identify(/home/konu/Desktop/stuff/ros2_gazebo_custom_plug_ws/src/testing_gazebo) by extension 'ignore'
[0.377s] Level 1:colcon.colcon_core.package_identification:_identify(/home/konu/Desktop/stuff/ros2_gazebo_custom_plug_ws/src/testing_gazebo) by extension 'ignore_ament_install'
[0.378s] Level 1:colcon.colcon_core.package_identification:_identify(/home/konu/Desktop/stuff/ros2_gazebo_custom_plug_ws/src/testing_gazebo) by extensions ['colcon_pkg']
[0.378s] Level 1:colcon.colcon_core.package_identification:_identify(/home/konu/Desktop/stuff/ros2_gazebo_custom_plug_ws/src/testing_gazebo) by extension 'colcon_pkg'
[0.378s] Level 1:colcon.colcon_core.package_identification:_identify(/home/konu/Desktop/stuff/ros2_gazebo_custom_plug_ws/src/testing_gazebo) by extensions ['colcon_meta']
[0.378s] Level 1:colcon.colcon_core.package_identification:_identify(/home/konu/Desktop/stuff/ros2_gazebo_custom_plug_ws/src/testing_gazebo) by extension 'colcon_meta'
[0.378s] Level 1:colcon.colcon_core.package_identification:_identify(/home/konu/Desktop/stuff/ros2_gazebo_custom_plug_ws/src/testing_gazebo) by extensions ['ros']
[0.379s] Level 1:colcon.colcon_core.package_identification:_identify(/home/konu/Desktop/stuff/ros2_gazebo_custom_plug_ws/src/testing_gazebo) by extension 'ros'
[0.384s] DEBUG:colcon.colcon_core.package_identification:Package '/home/konu/Desktop/stuff/ros2_gazebo_custom_plug_ws/src/testing_gazebo' with type 'ros.ament_cmake' and name 'testing_gazebo'
[0.384s] Level 1:colcon.colcon_core.package_discovery:discover_packages(recursive) using defaults
[0.396s] Level 5:colcon.colcon_core.verb:set package 'testing_gazebo' build argument 'cmake_args' from command line to 'None'
[0.396s] Level 5:colcon.colcon_core.verb:set package 'testing_gazebo' build argument 'cmake_target' from command line to 'None'
[0.396s] Level 5:colcon.colcon_core.verb:set package 'testing_gazebo' build argument 'cmake_target_skip_unavailable' from command line to 'False'
[0.396s] Level 5:colcon.colcon_core.verb:set package 'testing_gazebo' build argument 'cmake_clean_cache' from command line to 'False'
[0.396s] Level 5:colcon.colcon_core.verb:set package 'testing_gazebo' build argument 'cmake_clean_first' from command line to 'False'
[0.396s] Level 5:colcon.colcon_core.verb:set package 'testing_gazebo' build argument 'cmake_force_configure' from command line to 'False'
[0.396s] Level 5:colcon.colcon_core.verb:set package 'testing_gazebo' build argument 'ament_cmake_args' from command line to 'None'
[0.396s] Level 5:colcon.colcon_core.verb:set package 'testing_gazebo' build argument 'catkin_cmake_args' from command line to 'None'
[0.397s] Level 5:colcon.colcon_core.verb:set package 'testing_gazebo' build argument 'catkin_skip_building_tests' from command line to 'False'
[0.397s] DEBUG:colcon.colcon_core.verb:Building package 'testing_gazebo' with the following arguments: {'ament_cmake_args': None, 'build_base': '/home/konu/Desktop/stuff/ros2_gazebo_custom_plug_ws/build/testing_gazebo', 'catkin_cmake_args': None, 'catkin_skip_building_tests': False, 'cmake_args': None, 'cmake_clean_cache': False, 'cmake_clean_first': False, 'cmake_force_configure': False, 'cmake_target': None, 'cmake_target_skip_unavailable': False, 'install_base': '/home/konu/Desktop/stuff/ros2_gazebo_custom_plug_ws/install/testing_gazebo', 'merge_install': False, 'path': '/home/konu/Desktop/stuff/ros2_gazebo_custom_plug_ws/src/testing_gazebo', 'symlink_install': True, 'test_result_base': None}
[0.401s] INFO:colcon.colcon_core.executor:Executing jobs using 'parallel' executor
[0.402s] DEBUG:colcon.colcon_parallel_executor.executor.parallel:run_until_complete
[0.403s] INFO:colcon.colcon_ros.task.ament_cmake.build:Building ROS package in '/home/konu/Desktop/stuff/ros2_gazebo_custom_plug_ws/src/testing_gazebo' with build type 'ament_cmake'
[0.414s] INFO:colcon.colcon_core.plugin_system:Skipping extension 'colcon_core.shell.bat': Not used on non-Windows systems
[0.414s] INFO:colcon.colcon_cmake.task.cmake.build:Building CMake package in '/home/konu/Desktop/stuff/ros2_gazebo_custom_plug_ws/src/testing_gazebo'
[0.416s] INFO:colcon.colcon_core.shell:Skip shell extension 'powershell' for command environment: Not usable outside of PowerShell
[0.416s] DEBUG:colcon.colcon_core.shell:Skip shell extension 'dsv' for command environment
[0.425s] DEBUG:colcon.colcon_core.shell:Ignoring prefix path '/opt/ros/dashing'
[0.442s] DEBUG:colcon.colcon_core.event_handler.log_command:Invoking command in '/home/konu/Desktop/stuff/ros2_gazebo_custom_plug_ws/build/testing_gazebo': CMAKE_PREFIX_PATH=${CMAKE_PREFIX_PATH}:/opt/ros/dashing /usr/bin/cmake --build /home/konu/Desktop/stuff/ros2_gazebo_custom_plug_ws/build/testing_gazebo -- -j4 -l4
[8.116s] DEBUG:colcon.colcon_core.event_handler.log_command:Invoked command in '/home/konu/Desktop/stuff/ros2_gazebo_custom_plug_ws/build/testing_gazebo' returned '2': CMAKE_PREFIX_PATH=${CMAKE_PREFIX_PATH}:/opt/ros/dashing /usr/bin/cmake --build /home/konu/Desktop/stuff/ros2_gazebo_custom_plug_ws/build/testing_gazebo -- -j4 -l4
[8.126s] DEBUG:colcon.colcon_parallel_executor.executor.parallel:closing loop
[8.127s] DEBUG:colcon.colcon_parallel_executor.executor.parallel:loop closed
[8.127s] DEBUG:colcon.colcon_parallel_executor.executor.parallel:run_until_complete finished with '2'
[8.127s] DEBUG:colcon.colcon_core.event_reactor:joining thread
[8.159s] INFO:colcon.colcon_core.plugin_system:Skipping extension 'colcon_notification.desktop_notification.terminal_notifier': Not used on non-Darwin systems
[8.159s] INFO:colcon.colcon_core.plugin_system:Skipping extension 'colcon_notification.desktop_notification.win32': Not used on non-Windows systems
[8.159s] INFO:colcon.colcon_notification.desktop_notification:Sending desktop notification using 'notify2'
[8.172s] DEBUG:colcon.colcon_core.event_reactor:joined thread
[8.174s] INFO:colcon.colcon_core.shell:Creating prefix script '/home/konu/Desktop/stuff/ros2_gazebo_custom_plug_ws/install/local_setup.ps1'
[8.180s] INFO:colcon.colcon_core.shell:Creating prefix chain script '/home/konu/Desktop/stuff/ros2_gazebo_custom_plug_ws/install/setup.ps1'
[8.188s] INFO:colcon.colcon_core.shell:Creating prefix script '/home/konu/Desktop/stuff/ros2_gazebo_custom_plug_ws/install/local_setup.sh'
[8.190s] INFO:colcon.colcon_core.shell:Creating prefix util module '/home/konu/Desktop/stuff/ros2_gazebo_custom_plug_ws/install/_local_setup_util_sh.py'
[8.194s] INFO:colcon.colcon_core.shell:Creating prefix chain script '/home/konu/Desktop/stuff/ros2_gazebo_custom_plug_ws/install/setup.sh'
[8.201s] INFO:colcon.colcon_core.shell:Creating prefix script '/home/konu/Desktop/stuff/ros2_gazebo_custom_plug_ws/install/local_setup.bash'
[8.203s] INFO:colcon.colcon_core.shell:Creating prefix chain script '/home/konu/Desktop/stuff/ros2_gazebo_custom_plug_ws/install/setup.bash'
[8.210s] INFO:colcon.colcon_core.shell:Creating prefix script '/home/konu/Desktop/stuff/ros2_gazebo_custom_plug_ws/install/local_setup.zsh'
[8.212s] INFO:colcon.colcon_core.shell:Creating prefix chain script '/home/konu/Desktop/stuff/ros2_gazebo_custom_plug_ws/install/setup.zsh'
