[0.265s] DEBUG:colcon:Command line arguments: ['/usr/bin/colcon', 'build', '--symlink-install']
[0.265s] DEBUG:colcon:Parsed command line arguments: Namespace(ament_cmake_args=None, base_paths='.', build_base='build', catkin_cmake_args=None, catkin_skip_building_tests=False, cmake_args=None, cmake_clean_cache=False, cmake_clean_first=False, cmake_force_configure=False, cmake_target=None, cmake_target_skip_unavailable=False, continue_on_error=False, event_handlers=None, executor='parallel', ignore_user_meta=False, install_base='install', log_base='log', log_level=None, main=<bound method BuildVerb.main of <colcon_core.verb.build.BuildVerb object at 0x7f29145f3128>>, merge_install=False, metas='./colcon.meta', packages_above=None, packages_above_depth=None, packages_end=None, packages_ignore=None, packages_ignore_regex=None, packages_select=None, packages_select_build_failed=False, packages_select_by_dep=None, packages_select_regex=None, packages_select_test_failures=False, packages_skip=None, packages_skip_build_finished=False, packages_skip_by_dep=None, packages_skip_regex=None, packages_skip_test_passed=False, packages_skip_up_to=None, packages_start=None, packages_up_to=None, parallel_workers=4, paths=None, symlink_install=True, test_result_base=None, verb_extension=<colcon_core.verb.build.BuildVerb object at 0x7f29145f3128>, verb_name='build', verb_parser=<colcon_defaults.argument_parser.defaults.DefaultArgumentsDecorator object at 0x7f29145f3438>)
[0.333s] Level 1:colcon.colcon_core.package_discovery:discover_packages(colcon_meta) check parameters
[0.333s] Level 1:colcon.colcon_core.package_discovery:discover_packages(recursive) check parameters
[0.333s] Level 1:colcon.colcon_core.package_discovery:discover_packages(ignore) check parameters
[0.333s] Level 1:colcon.colcon_core.package_discovery:discover_packages(path) check parameters
[0.333s] Level 1:colcon.colcon_core.package_discovery:discover_packages(recursive) discover
[0.334s] INFO:colcon.colcon_core.package_discovery:Crawling recursively for packages in '/home/konu/Desktop/stuff/ros2_gazebo_custom_plug_ws'
[0.334s] Level 1:colcon.colcon_core.package_identification:_identify(/home/konu/Desktop/stuff/ros2_gazebo_custom_plug_ws) by extensions ['ignore', 'ignore_ament_install']
[0.335s] Level 1:colcon.colcon_core.package_identification:_identify(/home/konu/Desktop/stuff/ros2_gazebo_custom_plug_ws) by extension 'ignore'
[0.335s] Level 1:colcon.colcon_core.package_identification:_identify(/home/konu/Desktop/stuff/ros2_gazebo_custom_plug_ws) by extension 'ignore_ament_install'
[0.335s] Level 1:colcon.colcon_core.package_identification:_identify(/home/konu/Desktop/stuff/ros2_gazebo_custom_plug_ws) by extensions ['colcon_pkg']
[0.335s] Level 1:colcon.colcon_core.package_identification:_identify(/home/konu/Desktop/stuff/ros2_gazebo_custom_plug_ws) by extension 'colcon_pkg'
[0.336s] Level 1:colcon.colcon_core.package_identification:_identify(/home/konu/Desktop/stuff/ros2_gazebo_custom_plug_ws) by extensions ['colcon_meta']
[0.336s] Level 1:colcon.colcon_core.package_identification:_identify(/home/konu/Desktop/stuff/ros2_gazebo_custom_plug_ws) by extension 'colcon_meta'
[0.336s] Level 1:colcon.colcon_core.package_identification:_identify(/home/konu/Desktop/stuff/ros2_gazebo_custom_plug_ws) by extensions ['ros']
[0.336s] Level 1:colcon.colcon_core.package_identification:_identify(/home/konu/Desktop/stuff/ros2_gazebo_custom_plug_ws) by extension 'ros'
[0.356s] Level 1:colcon.colcon_core.package_identification:_identify(/home/konu/Desktop/stuff/ros2_gazebo_custom_plug_ws) by extensions ['cmake', 'python']
[0.356s] Level 1:colcon.colcon_core.package_identification:_identify(/home/konu/Desktop/stuff/ros2_gazebo_custom_plug_ws) by extension 'cmake'
[0.357s] Level 1:colcon.colcon_core.package_identification:_identify(/home/konu/Desktop/stuff/ros2_gazebo_custom_plug_ws) by extension 'python'
[0.357s] Level 1:colcon.colcon_core.package_identification:_identify(/home/konu/Desktop/stuff/ros2_gazebo_custom_plug_ws) by extensions ['python_setup_py']
[0.357s] Level 1:colcon.colcon_core.package_identification:_identify(/home/konu/Desktop/stuff/ros2_gazebo_custom_plug_ws) by extension 'python_setup_py'
[0.358s] Level 1:colcon.colcon_core.package_identification:_identify(/home/konu/Desktop/stuff/ros2_gazebo_custom_plug_ws/build) by extensions ['ignore', 'ignore_ament_install']
[0.358s] Level 1:colcon.colcon_core.package_identification:_identify(/home/konu/Desktop/stuff/ros2_gazebo_custom_plug_ws/build) by extension 'ignore'
[0.358s] Level 1:colcon.colcon_core.package_identification:_identify(/home/konu/Desktop/stuff/ros2_gazebo_custom_plug_ws/build) ignored
[0.359s] Level 1:colcon.colcon_core.package_identification:_identify(/home/konu/Desktop/stuff/ros2_gazebo_custom_plug_ws/install) by extensions ['ignore', 'ignore_ament_install']
[0.359s] Level 1:colcon.colcon_core.package_identification:_identify(/home/konu/Desktop/stuff/ros2_gazebo_custom_plug_ws/install) by extension 'ignore'
[0.359s] Level 1:colcon.colcon_core.package_identification:_identify(/home/konu/Desktop/stuff/ros2_gazebo_custom_plug_ws/install) ignored
[0.359s] Level 1:colcon.colcon_core.package_identification:_identify(/home/konu/Desktop/stuff/ros2_gazebo_custom_plug_ws/log) by extensions ['ignore', 'ignore_ament_install']
[0.360s] Level 1:colcon.colcon_core.package_identification:_identify(/home/konu/Desktop/stuff/ros2_gazebo_custom_plug_ws/log) by extension 'ignore'
[0.360s] Level 1:colcon.colcon_core.package_identification:_identify(/home/konu/Desktop/stuff/ros2_gazebo_custom_plug_ws/log) ignored
[0.360s] Level 1:colcon.colcon_core.package_identification:_identify(/home/konu/Desktop/stuff/ros2_gazebo_custom_plug_ws/src) by extensions ['ignore', 'ignore_ament_install']
[0.360s] Level 1:colcon.colcon_core.package_identification:_identify(/home/konu/Desktop/stuff/ros2_gazebo_custom_plug_ws/src) by extension 'ignore'
[0.360s] Level 1:colcon.colcon_core.package_identification:_identify(/home/konu/Desktop/stuff/ros2_gazebo_custom_plug_ws/src) by extension 'ignore_ament_install'
[0.361s] Level 1:colcon.colcon_core.package_identification:_identify(/home/konu/Desktop/stuff/ros2_gazebo_custom_plug_ws/src) by extensions ['colcon_pkg']
[0.361s] Level 1:colcon.colcon_core.package_identification:_identify(/home/konu/Desktop/stuff/ros2_gazebo_custom_plug_ws/src) by extension 'colcon_pkg'
[0.361s] Level 1:colcon.colcon_core.package_identification:_identify(/home/konu/Desktop/stuff/ros2_gazebo_custom_plug_ws/src) by extensions ['colcon_meta']
[0.361s] Level 1:colcon.colcon_core.package_identification:_identify(/home/konu/Desktop/stuff/ros2_gazebo_custom_plug_ws/src) by extension 'colcon_meta'
[0.361s] Level 1:colcon.colcon_core.package_identification:_identify(/home/konu/Desktop/stuff/ros2_gazebo_custom_plug_ws/src) by extensions ['ros']
[0.362s] Level 1:colcon.colcon_core.package_identification:_identify(/home/konu/Desktop/stuff/ros2_gazebo_custom_plug_ws/src) by extension 'ros'
[0.362s] Level 1:colcon.colcon_core.package_identification:_identify(/home/konu/Desktop/stuff/ros2_gazebo_custom_plug_ws/src) by extensions ['cmake', 'python']
[0.362s] Level 1:colcon.colcon_core.package_identification:_identify(/home/konu/Desktop/stuff/ros2_gazebo_custom_plug_ws/src) by extension 'cmake'
[0.362s] Level 1:colcon.colcon_core.package_identification:_identify(/home/konu/Desktop/stuff/ros2_gazebo_custom_plug_ws/src) by extension 'python'
[0.362s] Level 1:colcon.colcon_core.package_identification:_identify(/home/konu/Desktop/stuff/ros2_gazebo_custom_plug_ws/src) by extensions ['python_setup_py']
[0.363s] Level 1:colcon.colcon_core.package_identification:_identify(/home/konu/Desktop/stuff/ros2_gazebo_custom_plug_ws/src) by extension 'python_setup_py'
[0.363s] Level 1:colcon.colcon_core.package_identification:_identify(/home/konu/Desktop/stuff/ros2_gazebo_custom_plug_ws/src/testing_gazebo) by extensions ['ignore', 'ignore_ament_install']
[0.363s] Level 1:colcon.colcon_core.package_identification:_identify(/home/konu/Desktop/stuff/ros2_gazebo_custom_plug_ws/src/testing_gazebo) by extension 'ignore'
[0.363s] Level 1:colcon.colcon_core.package_identification:_identify(/home/konu/Desktop/stuff/ros2_gazebo_custom_plug_ws/src/testing_gazebo) by extension 'ignore_ament_install'
[0.364s] Level 1:colcon.colcon_core.package_identification:_identify(/home/konu/Desktop/stuff/ros2_gazebo_custom_plug_ws/src/testing_gazebo) by extensions ['colcon_pkg']
[0.364s] Level 1:colcon.colcon_core.package_identification:_identify(/home/konu/Desktop/stuff/ros2_gazebo_custom_plug_ws/src/testing_gazebo) by extension 'colcon_pkg'
[0.364s] Level 1:colcon.colcon_core.package_identification:_identify(/home/konu/Desktop/stuff/ros2_gazebo_custom_plug_ws/src/testing_gazebo) by extensions ['colcon_meta']
[0.364s] Level 1:colcon.colcon_core.package_identification:_identify(/home/konu/Desktop/stuff/ros2_gazebo_custom_plug_ws/src/testing_gazebo) by extension 'colcon_meta'
[0.364s] Level 1:colcon.colcon_core.package_identification:_identify(/home/konu/Desktop/stuff/ros2_gazebo_custom_plug_ws/src/testing_gazebo) by extensions ['ros']
[0.365s] Level 1:colcon.colcon_core.package_identification:_identify(/home/konu/Desktop/stuff/ros2_gazebo_custom_plug_ws/src/testing_gazebo) by extension 'ros'
[0.370s] DEBUG:colcon.colcon_core.package_identification:Package '/home/konu/Desktop/stuff/ros2_gazebo_custom_plug_ws/src/testing_gazebo' with type 'ros.ament_cmake' and name 'testing_gazebo'
[0.370s] Level 1:colcon.colcon_core.package_discovery:discover_packages(recursive) using defaults
[0.384s] Level 5:colcon.colcon_core.verb:set package 'testing_gazebo' build argument 'cmake_args' from command line to 'None'
[0.384s] Level 5:colcon.colcon_core.verb:set package 'testing_gazebo' build argument 'cmake_target' from command line to 'None'
[0.384s] Level 5:colcon.colcon_core.verb:set package 'testing_gazebo' build argument 'cmake_target_skip_unavailable' from command line to 'False'
[0.384s] Level 5:colcon.colcon_core.verb:set package 'testing_gazebo' build argument 'cmake_clean_cache' from command line to 'False'
[0.384s] Level 5:colcon.colcon_core.verb:set package 'testing_gazebo' build argument 'cmake_clean_first' from command line to 'False'
[0.384s] Level 5:colcon.colcon_core.verb:set package 'testing_gazebo' build argument 'cmake_force_configure' from command line to 'False'
[0.384s] Level 5:colcon.colcon_core.verb:set package 'testing_gazebo' build argument 'ament_cmake_args' from command line to 'None'
[0.384s] Level 5:colcon.colcon_core.verb:set package 'testing_gazebo' build argument 'catkin_cmake_args' from command line to 'None'
[0.385s] Level 5:colcon.colcon_core.verb:set package 'testing_gazebo' build argument 'catkin_skip_building_tests' from command line to 'False'
[0.385s] DEBUG:colcon.colcon_core.verb:Building package 'testing_gazebo' with the following arguments: {'ament_cmake_args': None, 'build_base': '/home/konu/Desktop/stuff/ros2_gazebo_custom_plug_ws/build/testing_gazebo', 'catkin_cmake_args': None, 'catkin_skip_building_tests': False, 'cmake_args': None, 'cmake_clean_cache': False, 'cmake_clean_first': False, 'cmake_force_configure': False, 'cmake_target': None, 'cmake_target_skip_unavailable': False, 'install_base': '/home/konu/Desktop/stuff/ros2_gazebo_custom_plug_ws/install/testing_gazebo', 'merge_install': False, 'path': '/home/konu/Desktop/stuff/ros2_gazebo_custom_plug_ws/src/testing_gazebo', 'symlink_install': True, 'test_result_base': None}
[0.388s] INFO:colcon.colcon_core.executor:Executing jobs using 'parallel' executor
[0.390s] DEBUG:colcon.colcon_parallel_executor.executor.parallel:run_until_complete
[0.390s] INFO:colcon.colcon_ros.task.ament_cmake.build:Building ROS package in '/home/konu/Desktop/stuff/ros2_gazebo_custom_plug_ws/src/testing_gazebo' with build type 'ament_cmake'
[0.399s] INFO:colcon.colcon_core.plugin_system:Skipping extension 'colcon_core.shell.bat': Not used on non-Windows systems
[0.400s] INFO:colcon.colcon_cmake.task.cmake.build:Building CMake package in '/home/konu/Desktop/stuff/ros2_gazebo_custom_plug_ws/src/testing_gazebo'
[0.403s] INFO:colcon.colcon_core.shell:Skip shell extension 'powershell' for command environment: Not usable outside of PowerShell
[0.403s] DEBUG:colcon.colcon_core.shell:Skip shell extension 'dsv' for command environment
[0.411s] DEBUG:colcon.colcon_core.shell:Ignoring prefix path '/opt/ros/dashing'
[0.434s] DEBUG:colcon.colcon_core.event_handler.log_command:Invoking command in '/home/konu/Desktop/stuff/ros2_gazebo_custom_plug_ws/build/testing_gazebo': CMAKE_PREFIX_PATH=${CMAKE_PREFIX_PATH}:/opt/ros/dashing /usr/bin/cmake --build /home/konu/Desktop/stuff/ros2_gazebo_custom_plug_ws/build/testing_gazebo -- -j4 -l4
[0.601s] DEBUG:colcon.colcon_core.event_handler.log_command:Invoked command in '/home/konu/Desktop/stuff/ros2_gazebo_custom_plug_ws/build/testing_gazebo' returned '0': CMAKE_PREFIX_PATH=${CMAKE_PREFIX_PATH}:/opt/ros/dashing /usr/bin/cmake --build /home/konu/Desktop/stuff/ros2_gazebo_custom_plug_ws/build/testing_gazebo -- -j4 -l4
[0.652s] DEBUG:colcon.colcon_core.event_handler.log_command:Invoking command in '/home/konu/Desktop/stuff/ros2_gazebo_custom_plug_ws/build/testing_gazebo': CMAKE_PREFIX_PATH=${CMAKE_PREFIX_PATH}:/opt/ros/dashing /usr/bin/cmake --build /home/konu/Desktop/stuff/ros2_gazebo_custom_plug_ws/build/testing_gazebo --target install -- -j4 -l4
[0.836s] Level 1:colcon.colcon_core.environment:create_environment_scripts_only(testing_gazebo)
[0.843s] Level 1:colcon.colcon_core.environment:checking '/home/konu/Desktop/stuff/ros2_gazebo_custom_plug_ws/install/testing_gazebo' for CMake module files
[0.844s] DEBUG:colcon.colcon_core.event_handler.log_command:Invoked command in '/home/konu/Desktop/stuff/ros2_gazebo_custom_plug_ws/build/testing_gazebo' returned '0': CMAKE_PREFIX_PATH=${CMAKE_PREFIX_PATH}:/opt/ros/dashing /usr/bin/cmake --build /home/konu/Desktop/stuff/ros2_gazebo_custom_plug_ws/build/testing_gazebo --target install -- -j4 -l4
[0.845s] Level 1:colcon.colcon_core.environment:checking '/home/konu/Desktop/stuff/ros2_gazebo_custom_plug_ws/install/testing_gazebo' for CMake config files
[0.845s] Level 1:colcon.colcon_core.shell:create_environment_hook('testing_gazebo', 'cmake_prefix_path')
[0.847s] INFO:colcon.colcon_core.shell:Creating environment hook '/home/konu/Desktop/stuff/ros2_gazebo_custom_plug_ws/install/testing_gazebo/share/testing_gazebo/hook/cmake_prefix_path.ps1'
[0.849s] INFO:colcon.colcon_core.shell:Creating environment descriptor '/home/konu/Desktop/stuff/ros2_gazebo_custom_plug_ws/install/testing_gazebo/share/testing_gazebo/hook/cmake_prefix_path.dsv'
[0.850s] INFO:colcon.colcon_core.shell:Creating environment hook '/home/konu/Desktop/stuff/ros2_gazebo_custom_plug_ws/install/testing_gazebo/share/testing_gazebo/hook/cmake_prefix_path.sh'
[0.852s] Level 1:colcon.colcon_core.environment:checking '/home/konu/Desktop/stuff/ros2_gazebo_custom_plug_ws/install/testing_gazebo/lib'
[0.853s] Level 1:colcon.colcon_core.shell:create_environment_hook('testing_gazebo', 'ld_library_path_lib')
[0.854s] INFO:colcon.colcon_core.shell:Creating environment hook '/home/konu/Desktop/stuff/ros2_gazebo_custom_plug_ws/install/testing_gazebo/share/testing_gazebo/hook/ld_library_path_lib.ps1'
[0.855s] INFO:colcon.colcon_core.shell:Creating environment descriptor '/home/konu/Desktop/stuff/ros2_gazebo_custom_plug_ws/install/testing_gazebo/share/testing_gazebo/hook/ld_library_path_lib.dsv'
[0.856s] INFO:colcon.colcon_core.shell:Creating environment hook '/home/konu/Desktop/stuff/ros2_gazebo_custom_plug_ws/install/testing_gazebo/share/testing_gazebo/hook/ld_library_path_lib.sh'
[0.857s] Level 1:colcon.colcon_core.environment:checking '/home/konu/Desktop/stuff/ros2_gazebo_custom_plug_ws/install/testing_gazebo/bin'
[0.857s] Level 1:colcon.colcon_core.environment:checking '/home/konu/Desktop/stuff/ros2_gazebo_custom_plug_ws/install/testing_gazebo/lib/pkgconfig/testing_gazebo.pc'
[0.857s] Level 1:colcon.colcon_core.environment:checking '/home/konu/Desktop/stuff/ros2_gazebo_custom_plug_ws/install/testing_gazebo/lib/python3.6/site-packages'
[0.858s] INFO:colcon.colcon_core.shell:Creating package script '/home/konu/Desktop/stuff/ros2_gazebo_custom_plug_ws/install/testing_gazebo/share/testing_gazebo/package.ps1'
[0.860s] INFO:colcon.colcon_core.shell:Creating package descriptor '/home/konu/Desktop/stuff/ros2_gazebo_custom_plug_ws/install/testing_gazebo/share/testing_gazebo/package.dsv'
[0.865s] INFO:colcon.colcon_core.shell:Creating package script '/home/konu/Desktop/stuff/ros2_gazebo_custom_plug_ws/install/testing_gazebo/share/testing_gazebo/package.sh'
[0.867s] INFO:colcon.colcon_core.shell:Creating package script '/home/konu/Desktop/stuff/ros2_gazebo_custom_plug_ws/install/testing_gazebo/share/testing_gazebo/package.bash'
[0.869s] INFO:colcon.colcon_core.shell:Creating package script '/home/konu/Desktop/stuff/ros2_gazebo_custom_plug_ws/install/testing_gazebo/share/testing_gazebo/package.zsh'
[0.872s] Level 1:colcon.colcon_core.environment:create_file_with_runtime_dependencies(/home/konu/Desktop/stuff/ros2_gazebo_custom_plug_ws/install/testing_gazebo/share/colcon-core/packages/testing_gazebo)
[0.873s] DEBUG:colcon.colcon_parallel_executor.executor.parallel:closing loop
[0.874s] DEBUG:colcon.colcon_parallel_executor.executor.parallel:loop closed
[0.874s] DEBUG:colcon.colcon_parallel_executor.executor.parallel:run_until_complete finished with '0'
[0.875s] DEBUG:colcon.colcon_core.event_reactor:joining thread
[0.910s] INFO:colcon.colcon_core.plugin_system:Skipping extension 'colcon_notification.desktop_notification.terminal_notifier': Not used on non-Darwin systems
[0.910s] INFO:colcon.colcon_core.plugin_system:Skipping extension 'colcon_notification.desktop_notification.win32': Not used on non-Windows systems
[0.910s] INFO:colcon.colcon_notification.desktop_notification:Sending desktop notification using 'notify2'
[0.915s] DEBUG:colcon.colcon_core.event_reactor:joined thread
[0.917s] INFO:colcon.colcon_core.shell:Creating prefix script '/home/konu/Desktop/stuff/ros2_gazebo_custom_plug_ws/install/local_setup.ps1'
[0.920s] INFO:colcon.colcon_core.shell:Creating prefix chain script '/home/konu/Desktop/stuff/ros2_gazebo_custom_plug_ws/install/setup.ps1'
[0.924s] INFO:colcon.colcon_core.shell:Creating prefix script '/home/konu/Desktop/stuff/ros2_gazebo_custom_plug_ws/install/local_setup.sh'
[0.925s] INFO:colcon.colcon_core.shell:Creating prefix util module '/home/konu/Desktop/stuff/ros2_gazebo_custom_plug_ws/install/_local_setup_util_sh.py'
[0.928s] INFO:colcon.colcon_core.shell:Creating prefix chain script '/home/konu/Desktop/stuff/ros2_gazebo_custom_plug_ws/install/setup.sh'
[0.932s] INFO:colcon.colcon_core.shell:Creating prefix script '/home/konu/Desktop/stuff/ros2_gazebo_custom_plug_ws/install/local_setup.bash'
[0.934s] INFO:colcon.colcon_core.shell:Creating prefix chain script '/home/konu/Desktop/stuff/ros2_gazebo_custom_plug_ws/install/setup.bash'
[0.938s] INFO:colcon.colcon_core.shell:Creating prefix script '/home/konu/Desktop/stuff/ros2_gazebo_custom_plug_ws/install/local_setup.zsh'
[0.939s] INFO:colcon.colcon_core.shell:Creating prefix chain script '/home/konu/Desktop/stuff/ros2_gazebo_custom_plug_ws/install/setup.zsh'
