[0.266s] DEBUG:colcon:Command line arguments: ['/usr/bin/colcon', 'build', '--symlink-install']
[0.266s] DEBUG:colcon:Parsed command line arguments: Namespace(ament_cmake_args=None, base_paths='.', build_base='build', catkin_cmake_args=None, catkin_skip_building_tests=False, cmake_args=None, cmake_clean_cache=False, cmake_clean_first=False, cmake_force_configure=False, cmake_target=None, cmake_target_skip_unavailable=False, continue_on_error=False, event_handlers=None, executor='parallel', ignore_user_meta=False, install_base='install', log_base='log', log_level=None, main=<bound method BuildVerb.main of <colcon_core.verb.build.BuildVerb object at 0x7fe078499128>>, merge_install=False, metas='./colcon.meta', packages_above=None, packages_above_depth=None, packages_end=None, packages_ignore=None, packages_ignore_regex=None, packages_select=None, packages_select_build_failed=False, packages_select_by_dep=None, packages_select_regex=None, packages_select_test_failures=False, packages_skip=None, packages_skip_build_finished=False, packages_skip_by_dep=None, packages_skip_regex=None, packages_skip_test_passed=False, packages_skip_up_to=None, packages_start=None, packages_up_to=None, parallel_workers=4, paths=None, symlink_install=True, test_result_base=None, verb_extension=<colcon_core.verb.build.BuildVerb object at 0x7fe078499128>, verb_name='build', verb_parser=<colcon_defaults.argument_parser.defaults.DefaultArgumentsDecorator object at 0x7fe078499438>)
[0.340s] Level 1:colcon.colcon_core.package_discovery:discover_packages(colcon_meta) check parameters
[0.341s] Level 1:colcon.colcon_core.package_discovery:discover_packages(recursive) check parameters
[0.341s] Level 1:colcon.colcon_core.package_discovery:discover_packages(ignore) check parameters
[0.341s] Level 1:colcon.colcon_core.package_discovery:discover_packages(path) check parameters
[0.341s] Level 1:colcon.colcon_core.package_discovery:discover_packages(recursive) discover
[0.342s] INFO:colcon.colcon_core.package_discovery:Crawling recursively for packages in '/home/konu/Desktop/stuff/ros2_gazebo_custom_plug_ws'
[0.343s] Level 1:colcon.colcon_core.package_identification:_identify(/home/konu/Desktop/stuff/ros2_gazebo_custom_plug_ws) by extensions ['ignore', 'ignore_ament_install']
[0.343s] Level 1:colcon.colcon_core.package_identification:_identify(/home/konu/Desktop/stuff/ros2_gazebo_custom_plug_ws) by extension 'ignore'
[0.343s] Level 1:colcon.colcon_core.package_identification:_identify(/home/konu/Desktop/stuff/ros2_gazebo_custom_plug_ws) by extension 'ignore_ament_install'
[0.344s] Level 1:colcon.colcon_core.package_identification:_identify(/home/konu/Desktop/stuff/ros2_gazebo_custom_plug_ws) by extensions ['colcon_pkg']
[0.344s] Level 1:colcon.colcon_core.package_identification:_identify(/home/konu/Desktop/stuff/ros2_gazebo_custom_plug_ws) by extension 'colcon_pkg'
[0.344s] Level 1:colcon.colcon_core.package_identification:_identify(/home/konu/Desktop/stuff/ros2_gazebo_custom_plug_ws) by extensions ['colcon_meta']
[0.344s] Level 1:colcon.colcon_core.package_identification:_identify(/home/konu/Desktop/stuff/ros2_gazebo_custom_plug_ws) by extension 'colcon_meta'
[0.345s] Level 1:colcon.colcon_core.package_identification:_identify(/home/konu/Desktop/stuff/ros2_gazebo_custom_plug_ws) by extensions ['ros']
[0.345s] Level 1:colcon.colcon_core.package_identification:_identify(/home/konu/Desktop/stuff/ros2_gazebo_custom_plug_ws) by extension 'ros'
[0.370s] Level 1:colcon.colcon_core.package_identification:_identify(/home/konu/Desktop/stuff/ros2_gazebo_custom_plug_ws) by extensions ['cmake', 'python']
[0.371s] Level 1:colcon.colcon_core.package_identification:_identify(/home/konu/Desktop/stuff/ros2_gazebo_custom_plug_ws) by extension 'cmake'
[0.371s] Level 1:colcon.colcon_core.package_identification:_identify(/home/konu/Desktop/stuff/ros2_gazebo_custom_plug_ws) by extension 'python'
[0.371s] Level 1:colcon.colcon_core.package_identification:_identify(/home/konu/Desktop/stuff/ros2_gazebo_custom_plug_ws) by extensions ['python_setup_py']
[0.372s] Level 1:colcon.colcon_core.package_identification:_identify(/home/konu/Desktop/stuff/ros2_gazebo_custom_plug_ws) by extension 'python_setup_py'
[0.372s] Level 1:colcon.colcon_core.package_identification:_identify(/home/konu/Desktop/stuff/ros2_gazebo_custom_plug_ws/build) by extensions ['ignore', 'ignore_ament_install']
[0.372s] Level 1:colcon.colcon_core.package_identification:_identify(/home/konu/Desktop/stuff/ros2_gazebo_custom_plug_ws/build) by extension 'ignore'
[0.373s] Level 1:colcon.colcon_core.package_identification:_identify(/home/konu/Desktop/stuff/ros2_gazebo_custom_plug_ws/build) ignored
[0.374s] Level 1:colcon.colcon_core.package_identification:_identify(/home/konu/Desktop/stuff/ros2_gazebo_custom_plug_ws/install) by extensions ['ignore', 'ignore_ament_install']
[0.374s] Level 1:colcon.colcon_core.package_identification:_identify(/home/konu/Desktop/stuff/ros2_gazebo_custom_plug_ws/install) by extension 'ignore'
[0.374s] Level 1:colcon.colcon_core.package_identification:_identify(/home/konu/Desktop/stuff/ros2_gazebo_custom_plug_ws/install) ignored
[0.375s] Level 1:colcon.colcon_core.package_identification:_identify(/home/konu/Desktop/stuff/ros2_gazebo_custom_plug_ws/log) by extensions ['ignore', 'ignore_ament_install']
[0.375s] Level 1:colcon.colcon_core.package_identification:_identify(/home/konu/Desktop/stuff/ros2_gazebo_custom_plug_ws/log) by extension 'ignore'
[0.375s] Level 1:colcon.colcon_core.package_identification:_identify(/home/konu/Desktop/stuff/ros2_gazebo_custom_plug_ws/log) ignored
[0.375s] Level 1:colcon.colcon_core.package_identification:_identify(/home/konu/Desktop/stuff/ros2_gazebo_custom_plug_ws/src) by extensions ['ignore', 'ignore_ament_install']
[0.376s] Level 1:colcon.colcon_core.package_identification:_identify(/home/konu/Desktop/stuff/ros2_gazebo_custom_plug_ws/src) by extension 'ignore'
[0.376s] Level 1:colcon.colcon_core.package_identification:_identify(/home/konu/Desktop/stuff/ros2_gazebo_custom_plug_ws/src) by extension 'ignore_ament_install'
[0.376s] Level 1:colcon.colcon_core.package_identification:_identify(/home/konu/Desktop/stuff/ros2_gazebo_custom_plug_ws/src) by extensions ['colcon_pkg']
[0.377s] Level 1:colcon.colcon_core.package_identification:_identify(/home/konu/Desktop/stuff/ros2_gazebo_custom_plug_ws/src) by extension 'colcon_pkg'
[0.377s] Level 1:colcon.colcon_core.package_identification:_identify(/home/konu/Desktop/stuff/ros2_gazebo_custom_plug_ws/src) by extensions ['colcon_meta']
[0.377s] Level 1:colcon.colcon_core.package_identification:_identify(/home/konu/Desktop/stuff/ros2_gazebo_custom_plug_ws/src) by extension 'colcon_meta'
[0.377s] Level 1:colcon.colcon_core.package_identification:_identify(/home/konu/Desktop/stuff/ros2_gazebo_custom_plug_ws/src) by extensions ['ros']
[0.378s] Level 1:colcon.colcon_core.package_identification:_identify(/home/konu/Desktop/stuff/ros2_gazebo_custom_plug_ws/src) by extension 'ros'
[0.378s] Level 1:colcon.colcon_core.package_identification:_identify(/home/konu/Desktop/stuff/ros2_gazebo_custom_plug_ws/src) by extensions ['cmake', 'python']
[0.378s] Level 1:colcon.colcon_core.package_identification:_identify(/home/konu/Desktop/stuff/ros2_gazebo_custom_plug_ws/src) by extension 'cmake'
[0.379s] Level 1:colcon.colcon_core.package_identification:_identify(/home/konu/Desktop/stuff/ros2_gazebo_custom_plug_ws/src) by extension 'python'
[0.379s] Level 1:colcon.colcon_core.package_identification:_identify(/home/konu/Desktop/stuff/ros2_gazebo_custom_plug_ws/src) by extensions ['python_setup_py']
[0.379s] Level 1:colcon.colcon_core.package_identification:_identify(/home/konu/Desktop/stuff/ros2_gazebo_custom_plug_ws/src) by extension 'python_setup_py'
[0.380s] Level 1:colcon.colcon_core.package_identification:_identify(/home/konu/Desktop/stuff/ros2_gazebo_custom_plug_ws/src/testing_gazebo) by extensions ['ignore', 'ignore_ament_install']
[0.380s] Level 1:colcon.colcon_core.package_identification:_identify(/home/konu/Desktop/stuff/ros2_gazebo_custom_plug_ws/src/testing_gazebo) by extension 'ignore'
[0.380s] Level 1:colcon.colcon_core.package_identification:_identify(/home/konu/Desktop/stuff/ros2_gazebo_custom_plug_ws/src/testing_gazebo) by extension 'ignore_ament_install'
[0.381s] Level 1:colcon.colcon_core.package_identification:_identify(/home/konu/Desktop/stuff/ros2_gazebo_custom_plug_ws/src/testing_gazebo) by extensions ['colcon_pkg']
[0.381s] Level 1:colcon.colcon_core.package_identification:_identify(/home/konu/Desktop/stuff/ros2_gazebo_custom_plug_ws/src/testing_gazebo) by extension 'colcon_pkg'
[0.381s] Level 1:colcon.colcon_core.package_identification:_identify(/home/konu/Desktop/stuff/ros2_gazebo_custom_plug_ws/src/testing_gazebo) by extensions ['colcon_meta']
[0.382s] Level 1:colcon.colcon_core.package_identification:_identify(/home/konu/Desktop/stuff/ros2_gazebo_custom_plug_ws/src/testing_gazebo) by extension 'colcon_meta'
[0.382s] Level 1:colcon.colcon_core.package_identification:_identify(/home/konu/Desktop/stuff/ros2_gazebo_custom_plug_ws/src/testing_gazebo) by extensions ['ros']
[0.382s] Level 1:colcon.colcon_core.package_identification:_identify(/home/konu/Desktop/stuff/ros2_gazebo_custom_plug_ws/src/testing_gazebo) by extension 'ros'
[0.390s] DEBUG:colcon.colcon_core.package_identification:Package '/home/konu/Desktop/stuff/ros2_gazebo_custom_plug_ws/src/testing_gazebo' with type 'ros.ament_cmake' and name 'testing_gazebo'
[0.390s] Level 1:colcon.colcon_core.package_discovery:discover_packages(recursive) using defaults
[0.408s] Level 5:colcon.colcon_core.verb:set package 'testing_gazebo' build argument 'cmake_args' from command line to 'None'
[0.408s] Level 5:colcon.colcon_core.verb:set package 'testing_gazebo' build argument 'cmake_target' from command line to 'None'
[0.408s] Level 5:colcon.colcon_core.verb:set package 'testing_gazebo' build argument 'cmake_target_skip_unavailable' from command line to 'False'
[0.408s] Level 5:colcon.colcon_core.verb:set package 'testing_gazebo' build argument 'cmake_clean_cache' from command line to 'False'
[0.409s] Level 5:colcon.colcon_core.verb:set package 'testing_gazebo' build argument 'cmake_clean_first' from command line to 'False'
[0.409s] Level 5:colcon.colcon_core.verb:set package 'testing_gazebo' build argument 'cmake_force_configure' from command line to 'False'
[0.409s] Level 5:colcon.colcon_core.verb:set package 'testing_gazebo' build argument 'ament_cmake_args' from command line to 'None'
[0.409s] Level 5:colcon.colcon_core.verb:set package 'testing_gazebo' build argument 'catkin_cmake_args' from command line to 'None'
[0.409s] Level 5:colcon.colcon_core.verb:set package 'testing_gazebo' build argument 'catkin_skip_building_tests' from command line to 'False'
[0.409s] DEBUG:colcon.colcon_core.verb:Building package 'testing_gazebo' with the following arguments: {'ament_cmake_args': None, 'build_base': '/home/konu/Desktop/stuff/ros2_gazebo_custom_plug_ws/build/testing_gazebo', 'catkin_cmake_args': None, 'catkin_skip_building_tests': False, 'cmake_args': None, 'cmake_clean_cache': False, 'cmake_clean_first': False, 'cmake_force_configure': False, 'cmake_target': None, 'cmake_target_skip_unavailable': False, 'install_base': '/home/konu/Desktop/stuff/ros2_gazebo_custom_plug_ws/install/testing_gazebo', 'merge_install': False, 'path': '/home/konu/Desktop/stuff/ros2_gazebo_custom_plug_ws/src/testing_gazebo', 'symlink_install': True, 'test_result_base': None}
[0.413s] INFO:colcon.colcon_core.executor:Executing jobs using 'parallel' executor
[0.414s] DEBUG:colcon.colcon_parallel_executor.executor.parallel:run_until_complete
[0.415s] INFO:colcon.colcon_ros.task.ament_cmake.build:Building ROS package in '/home/konu/Desktop/stuff/ros2_gazebo_custom_plug_ws/src/testing_gazebo' with build type 'ament_cmake'
[0.423s] INFO:colcon.colcon_core.plugin_system:Skipping extension 'colcon_core.shell.bat': Not used on non-Windows systems
[0.423s] INFO:colcon.colcon_cmake.task.cmake.build:Building CMake package in '/home/konu/Desktop/stuff/ros2_gazebo_custom_plug_ws/src/testing_gazebo'
[0.425s] INFO:colcon.colcon_core.shell:Skip shell extension 'powershell' for command environment: Not usable outside of PowerShell
[0.425s] DEBUG:colcon.colcon_core.shell:Skip shell extension 'dsv' for command environment
[0.431s] DEBUG:colcon.colcon_core.shell:Ignoring prefix path '/opt/ros/dashing'
[0.455s] DEBUG:colcon.colcon_core.event_handler.log_command:Invoking command in '/home/konu/Desktop/stuff/ros2_gazebo_custom_plug_ws/build/testing_gazebo': CMAKE_PREFIX_PATH=${CMAKE_PREFIX_PATH}:/opt/ros/dashing /usr/bin/cmake --build /home/konu/Desktop/stuff/ros2_gazebo_custom_plug_ws/build/testing_gazebo -- -j4 -l4
[14.418s] DEBUG:colcon.colcon_core.event_handler.log_command:Invoked command in '/home/konu/Desktop/stuff/ros2_gazebo_custom_plug_ws/build/testing_gazebo' returned '0': CMAKE_PREFIX_PATH=${CMAKE_PREFIX_PATH}:/opt/ros/dashing /usr/bin/cmake --build /home/konu/Desktop/stuff/ros2_gazebo_custom_plug_ws/build/testing_gazebo -- -j4 -l4
[14.471s] DEBUG:colcon.colcon_core.event_handler.log_command:Invoking command in '/home/konu/Desktop/stuff/ros2_gazebo_custom_plug_ws/build/testing_gazebo': CMAKE_PREFIX_PATH=${CMAKE_PREFIX_PATH}:/opt/ros/dashing /usr/bin/cmake --build /home/konu/Desktop/stuff/ros2_gazebo_custom_plug_ws/build/testing_gazebo --target install -- -j4 -l4
[14.685s] Level 1:colcon.colcon_core.environment:create_environment_scripts_only(testing_gazebo)
[14.687s] DEBUG:colcon.colcon_core.event_handler.log_command:Invoked command in '/home/konu/Desktop/stuff/ros2_gazebo_custom_plug_ws/build/testing_gazebo' returned '0': CMAKE_PREFIX_PATH=${CMAKE_PREFIX_PATH}:/opt/ros/dashing /usr/bin/cmake --build /home/konu/Desktop/stuff/ros2_gazebo_custom_plug_ws/build/testing_gazebo --target install -- -j4 -l4
[14.696s] Level 1:colcon.colcon_core.environment:checking '/home/konu/Desktop/stuff/ros2_gazebo_custom_plug_ws/install/testing_gazebo' for CMake module files
[14.697s] Level 1:colcon.colcon_core.environment:checking '/home/konu/Desktop/stuff/ros2_gazebo_custom_plug_ws/install/testing_gazebo' for CMake config files
[14.698s] Level 1:colcon.colcon_core.shell:create_environment_hook('testing_gazebo', 'cmake_prefix_path')
[14.700s] INFO:colcon.colcon_core.shell:Creating environment hook '/home/konu/Desktop/stuff/ros2_gazebo_custom_plug_ws/install/testing_gazebo/share/testing_gazebo/hook/cmake_prefix_path.ps1'
[14.702s] INFO:colcon.colcon_core.shell:Creating environment descriptor '/home/konu/Desktop/stuff/ros2_gazebo_custom_plug_ws/install/testing_gazebo/share/testing_gazebo/hook/cmake_prefix_path.dsv'
[14.704s] INFO:colcon.colcon_core.shell:Creating environment hook '/home/konu/Desktop/stuff/ros2_gazebo_custom_plug_ws/install/testing_gazebo/share/testing_gazebo/hook/cmake_prefix_path.sh'
[14.708s] Level 1:colcon.colcon_core.environment:checking '/home/konu/Desktop/stuff/ros2_gazebo_custom_plug_ws/install/testing_gazebo/lib'
[14.708s] Level 1:colcon.colcon_core.shell:create_environment_hook('testing_gazebo', 'ld_library_path_lib')
[14.710s] INFO:colcon.colcon_core.shell:Creating environment hook '/home/konu/Desktop/stuff/ros2_gazebo_custom_plug_ws/install/testing_gazebo/share/testing_gazebo/hook/ld_library_path_lib.ps1'
[14.711s] INFO:colcon.colcon_core.shell:Creating environment descriptor '/home/konu/Desktop/stuff/ros2_gazebo_custom_plug_ws/install/testing_gazebo/share/testing_gazebo/hook/ld_library_path_lib.dsv'
[14.712s] INFO:colcon.colcon_core.shell:Creating environment hook '/home/konu/Desktop/stuff/ros2_gazebo_custom_plug_ws/install/testing_gazebo/share/testing_gazebo/hook/ld_library_path_lib.sh'
[14.713s] Level 1:colcon.colcon_core.environment:checking '/home/konu/Desktop/stuff/ros2_gazebo_custom_plug_ws/install/testing_gazebo/bin'
[14.713s] Level 1:colcon.colcon_core.environment:checking '/home/konu/Desktop/stuff/ros2_gazebo_custom_plug_ws/install/testing_gazebo/lib/pkgconfig/testing_gazebo.pc'
[14.713s] Level 1:colcon.colcon_core.environment:checking '/home/konu/Desktop/stuff/ros2_gazebo_custom_plug_ws/install/testing_gazebo/lib/python3.6/site-packages'
[14.716s] INFO:colcon.colcon_core.shell:Creating package script '/home/konu/Desktop/stuff/ros2_gazebo_custom_plug_ws/install/testing_gazebo/share/testing_gazebo/package.ps1'
[14.719s] INFO:colcon.colcon_core.shell:Creating package descriptor '/home/konu/Desktop/stuff/ros2_gazebo_custom_plug_ws/install/testing_gazebo/share/testing_gazebo/package.dsv'
[14.724s] INFO:colcon.colcon_core.shell:Creating package script '/home/konu/Desktop/stuff/ros2_gazebo_custom_plug_ws/install/testing_gazebo/share/testing_gazebo/package.sh'
[14.726s] INFO:colcon.colcon_core.shell:Creating package script '/home/konu/Desktop/stuff/ros2_gazebo_custom_plug_ws/install/testing_gazebo/share/testing_gazebo/package.bash'
[14.729s] INFO:colcon.colcon_core.shell:Creating package script '/home/konu/Desktop/stuff/ros2_gazebo_custom_plug_ws/install/testing_gazebo/share/testing_gazebo/package.zsh'
[14.731s] Level 1:colcon.colcon_core.environment:create_file_with_runtime_dependencies(/home/konu/Desktop/stuff/ros2_gazebo_custom_plug_ws/install/testing_gazebo/share/colcon-core/packages/testing_gazebo)
[14.732s] DEBUG:colcon.colcon_parallel_executor.executor.parallel:closing loop
[14.734s] DEBUG:colcon.colcon_parallel_executor.executor.parallel:loop closed
[14.734s] DEBUG:colcon.colcon_parallel_executor.executor.parallel:run_until_complete finished with '0'
[14.734s] DEBUG:colcon.colcon_core.event_reactor:joining thread
[14.769s] INFO:colcon.colcon_core.plugin_system:Skipping extension 'colcon_notification.desktop_notification.terminal_notifier': Not used on non-Darwin systems
[14.769s] INFO:colcon.colcon_core.plugin_system:Skipping extension 'colcon_notification.desktop_notification.win32': Not used on non-Windows systems
[14.770s] INFO:colcon.colcon_notification.desktop_notification:Sending desktop notification using 'notify2'
[14.774s] DEBUG:colcon.colcon_core.event_reactor:joined thread
[14.777s] INFO:colcon.colcon_core.shell:Creating prefix script '/home/konu/Desktop/stuff/ros2_gazebo_custom_plug_ws/install/local_setup.ps1'
[14.782s] INFO:colcon.colcon_core.shell:Creating prefix chain script '/home/konu/Desktop/stuff/ros2_gazebo_custom_plug_ws/install/setup.ps1'
[14.789s] INFO:colcon.colcon_core.shell:Creating prefix script '/home/konu/Desktop/stuff/ros2_gazebo_custom_plug_ws/install/local_setup.sh'
[14.791s] INFO:colcon.colcon_core.shell:Creating prefix util module '/home/konu/Desktop/stuff/ros2_gazebo_custom_plug_ws/install/_local_setup_util_sh.py'
[14.796s] INFO:colcon.colcon_core.shell:Creating prefix chain script '/home/konu/Desktop/stuff/ros2_gazebo_custom_plug_ws/install/setup.sh'
[14.804s] INFO:colcon.colcon_core.shell:Creating prefix script '/home/konu/Desktop/stuff/ros2_gazebo_custom_plug_ws/install/local_setup.bash'
[14.806s] INFO:colcon.colcon_core.shell:Creating prefix chain script '/home/konu/Desktop/stuff/ros2_gazebo_custom_plug_ws/install/setup.bash'
[14.814s] INFO:colcon.colcon_core.shell:Creating prefix script '/home/konu/Desktop/stuff/ros2_gazebo_custom_plug_ws/install/local_setup.zsh'
[14.816s] INFO:colcon.colcon_core.shell:Creating prefix chain script '/home/konu/Desktop/stuff/ros2_gazebo_custom_plug_ws/install/setup.zsh'
