[0.285s] DEBUG:colcon:Command line arguments: ['/usr/bin/colcon', 'build', '--symlink-install']
[0.285s] DEBUG:colcon:Parsed command line arguments: Namespace(ament_cmake_args=None, base_paths='.', build_base='build', catkin_cmake_args=None, catkin_skip_building_tests=False, cmake_args=None, cmake_clean_cache=False, cmake_clean_first=False, cmake_force_configure=False, cmake_target=None, cmake_target_skip_unavailable=False, continue_on_error=False, event_handlers=None, executor='parallel', ignore_user_meta=False, install_base='install', log_base='log', log_level=None, main=<bound method BuildVerb.main of <colcon_core.verb.build.BuildVerb object at 0x7f84fcac8128>>, merge_install=False, metas='./colcon.meta', packages_above=None, packages_above_depth=None, packages_end=None, packages_ignore=None, packages_ignore_regex=None, packages_select=None, packages_select_build_failed=False, packages_select_by_dep=None, packages_select_regex=None, packages_select_test_failures=False, packages_skip=None, packages_skip_build_finished=False, packages_skip_by_dep=None, packages_skip_regex=None, packages_skip_test_passed=False, packages_skip_up_to=None, packages_start=None, packages_up_to=None, parallel_workers=4, paths=None, symlink_install=True, test_result_base=None, verb_extension=<colcon_core.verb.build.BuildVerb object at 0x7f84fcac8128>, verb_name='build', verb_parser=<colcon_defaults.argument_parser.defaults.DefaultArgumentsDecorator object at 0x7f84fcac8438>)
[0.360s] Level 1:colcon.colcon_core.package_discovery:discover_packages(colcon_meta) check parameters
[0.361s] Level 1:colcon.colcon_core.package_discovery:discover_packages(recursive) check parameters
[0.361s] Level 1:colcon.colcon_core.package_discovery:discover_packages(ignore) check parameters
[0.361s] Level 1:colcon.colcon_core.package_discovery:discover_packages(path) check parameters
[0.361s] Level 1:colcon.colcon_core.package_discovery:discover_packages(recursive) discover
[0.362s] INFO:colcon.colcon_core.package_discovery:Crawling recursively for packages in '/home/konu/Desktop/stuff/ros2_gazebo_custom_plug_ws'
[0.363s] Level 1:colcon.colcon_core.package_identification:_identify(/home/konu/Desktop/stuff/ros2_gazebo_custom_plug_ws) by extensions ['ignore', 'ignore_ament_install']
[0.363s] Level 1:colcon.colcon_core.package_identification:_identify(/home/konu/Desktop/stuff/ros2_gazebo_custom_plug_ws) by extension 'ignore'
[0.363s] Level 1:colcon.colcon_core.package_identification:_identify(/home/konu/Desktop/stuff/ros2_gazebo_custom_plug_ws) by extension 'ignore_ament_install'
[0.364s] Level 1:colcon.colcon_core.package_identification:_identify(/home/konu/Desktop/stuff/ros2_gazebo_custom_plug_ws) by extensions ['colcon_pkg']
[0.364s] Level 1:colcon.colcon_core.package_identification:_identify(/home/konu/Desktop/stuff/ros2_gazebo_custom_plug_ws) by extension 'colcon_pkg'
[0.364s] Level 1:colcon.colcon_core.package_identification:_identify(/home/konu/Desktop/stuff/ros2_gazebo_custom_plug_ws) by extensions ['colcon_meta']
[0.365s] Level 1:colcon.colcon_core.package_identification:_identify(/home/konu/Desktop/stuff/ros2_gazebo_custom_plug_ws) by extension 'colcon_meta'
[0.365s] Level 1:colcon.colcon_core.package_identification:_identify(/home/konu/Desktop/stuff/ros2_gazebo_custom_plug_ws) by extensions ['ros']
[0.365s] Level 1:colcon.colcon_core.package_identification:_identify(/home/konu/Desktop/stuff/ros2_gazebo_custom_plug_ws) by extension 'ros'
[0.398s] Level 1:colcon.colcon_core.package_identification:_identify(/home/konu/Desktop/stuff/ros2_gazebo_custom_plug_ws) by extensions ['cmake', 'python']
[0.399s] Level 1:colcon.colcon_core.package_identification:_identify(/home/konu/Desktop/stuff/ros2_gazebo_custom_plug_ws) by extension 'cmake'
[0.399s] Level 1:colcon.colcon_core.package_identification:_identify(/home/konu/Desktop/stuff/ros2_gazebo_custom_plug_ws) by extension 'python'
[0.399s] Level 1:colcon.colcon_core.package_identification:_identify(/home/konu/Desktop/stuff/ros2_gazebo_custom_plug_ws) by extensions ['python_setup_py']
[0.400s] Level 1:colcon.colcon_core.package_identification:_identify(/home/konu/Desktop/stuff/ros2_gazebo_custom_plug_ws) by extension 'python_setup_py'
[0.400s] Level 1:colcon.colcon_core.package_identification:_identify(/home/konu/Desktop/stuff/ros2_gazebo_custom_plug_ws/build) by extensions ['ignore', 'ignore_ament_install']
[0.400s] Level 1:colcon.colcon_core.package_identification:_identify(/home/konu/Desktop/stuff/ros2_gazebo_custom_plug_ws/build) by extension 'ignore'
[0.400s] Level 1:colcon.colcon_core.package_identification:_identify(/home/konu/Desktop/stuff/ros2_gazebo_custom_plug_ws/build) ignored
[0.401s] Level 1:colcon.colcon_core.package_identification:_identify(/home/konu/Desktop/stuff/ros2_gazebo_custom_plug_ws/install) by extensions ['ignore', 'ignore_ament_install']
[0.402s] Level 1:colcon.colcon_core.package_identification:_identify(/home/konu/Desktop/stuff/ros2_gazebo_custom_plug_ws/install) by extension 'ignore'
[0.402s] Level 1:colcon.colcon_core.package_identification:_identify(/home/konu/Desktop/stuff/ros2_gazebo_custom_plug_ws/install) ignored
[0.402s] Level 1:colcon.colcon_core.package_identification:_identify(/home/konu/Desktop/stuff/ros2_gazebo_custom_plug_ws/log) by extensions ['ignore', 'ignore_ament_install']
[0.402s] Level 1:colcon.colcon_core.package_identification:_identify(/home/konu/Desktop/stuff/ros2_gazebo_custom_plug_ws/log) by extension 'ignore'
[0.402s] Level 1:colcon.colcon_core.package_identification:_identify(/home/konu/Desktop/stuff/ros2_gazebo_custom_plug_ws/log) ignored
[0.403s] Level 1:colcon.colcon_core.package_identification:_identify(/home/konu/Desktop/stuff/ros2_gazebo_custom_plug_ws/src) by extensions ['ignore', 'ignore_ament_install']
[0.403s] Level 1:colcon.colcon_core.package_identification:_identify(/home/konu/Desktop/stuff/ros2_gazebo_custom_plug_ws/src) by extension 'ignore'
[0.403s] Level 1:colcon.colcon_core.package_identification:_identify(/home/konu/Desktop/stuff/ros2_gazebo_custom_plug_ws/src) by extension 'ignore_ament_install'
[0.403s] Level 1:colcon.colcon_core.package_identification:_identify(/home/konu/Desktop/stuff/ros2_gazebo_custom_plug_ws/src) by extensions ['colcon_pkg']
[0.403s] Level 1:colcon.colcon_core.package_identification:_identify(/home/konu/Desktop/stuff/ros2_gazebo_custom_plug_ws/src) by extension 'colcon_pkg'
[0.403s] Level 1:colcon.colcon_core.package_identification:_identify(/home/konu/Desktop/stuff/ros2_gazebo_custom_plug_ws/src) by extensions ['colcon_meta']
[0.404s] Level 1:colcon.colcon_core.package_identification:_identify(/home/konu/Desktop/stuff/ros2_gazebo_custom_plug_ws/src) by extension 'colcon_meta'
[0.404s] Level 1:colcon.colcon_core.package_identification:_identify(/home/konu/Desktop/stuff/ros2_gazebo_custom_plug_ws/src) by extensions ['ros']
[0.404s] Level 1:colcon.colcon_core.package_identification:_identify(/home/konu/Desktop/stuff/ros2_gazebo_custom_plug_ws/src) by extension 'ros'
[0.404s] Level 1:colcon.colcon_core.package_identification:_identify(/home/konu/Desktop/stuff/ros2_gazebo_custom_plug_ws/src) by extensions ['cmake', 'python']
[0.405s] Level 1:colcon.colcon_core.package_identification:_identify(/home/konu/Desktop/stuff/ros2_gazebo_custom_plug_ws/src) by extension 'cmake'
[0.405s] Level 1:colcon.colcon_core.package_identification:_identify(/home/konu/Desktop/stuff/ros2_gazebo_custom_plug_ws/src) by extension 'python'
[0.405s] Level 1:colcon.colcon_core.package_identification:_identify(/home/konu/Desktop/stuff/ros2_gazebo_custom_plug_ws/src) by extensions ['python_setup_py']
[0.406s] Level 1:colcon.colcon_core.package_identification:_identify(/home/konu/Desktop/stuff/ros2_gazebo_custom_plug_ws/src) by extension 'python_setup_py'
[0.406s] Level 1:colcon.colcon_core.package_identification:_identify(/home/konu/Desktop/stuff/ros2_gazebo_custom_plug_ws/src/testing_gazebo) by extensions ['ignore', 'ignore_ament_install']
[0.407s] Level 1:colcon.colcon_core.package_identification:_identify(/home/konu/Desktop/stuff/ros2_gazebo_custom_plug_ws/src/testing_gazebo) by extension 'ignore'
[0.407s] Level 1:colcon.colcon_core.package_identification:_identify(/home/konu/Desktop/stuff/ros2_gazebo_custom_plug_ws/src/testing_gazebo) by extension 'ignore_ament_install'
[0.407s] Level 1:colcon.colcon_core.package_identification:_identify(/home/konu/Desktop/stuff/ros2_gazebo_custom_plug_ws/src/testing_gazebo) by extensions ['colcon_pkg']
[0.408s] Level 1:colcon.colcon_core.package_identification:_identify(/home/konu/Desktop/stuff/ros2_gazebo_custom_plug_ws/src/testing_gazebo) by extension 'colcon_pkg'
[0.408s] Level 1:colcon.colcon_core.package_identification:_identify(/home/konu/Desktop/stuff/ros2_gazebo_custom_plug_ws/src/testing_gazebo) by extensions ['colcon_meta']
[0.409s] Level 1:colcon.colcon_core.package_identification:_identify(/home/konu/Desktop/stuff/ros2_gazebo_custom_plug_ws/src/testing_gazebo) by extension 'colcon_meta'
[0.409s] Level 1:colcon.colcon_core.package_identification:_identify(/home/konu/Desktop/stuff/ros2_gazebo_custom_plug_ws/src/testing_gazebo) by extensions ['ros']
[0.409s] Level 1:colcon.colcon_core.package_identification:_identify(/home/konu/Desktop/stuff/ros2_gazebo_custom_plug_ws/src/testing_gazebo) by extension 'ros'
[0.417s] DEBUG:colcon.colcon_core.package_identification:Package '/home/konu/Desktop/stuff/ros2_gazebo_custom_plug_ws/src/testing_gazebo' with type 'ros.ament_cmake' and name 'testing_gazebo'
[0.417s] Level 1:colcon.colcon_core.package_discovery:discover_packages(recursive) using defaults
[0.435s] Level 5:colcon.colcon_core.verb:set package 'testing_gazebo' build argument 'cmake_args' from command line to 'None'
[0.435s] Level 5:colcon.colcon_core.verb:set package 'testing_gazebo' build argument 'cmake_target' from command line to 'None'
[0.436s] Level 5:colcon.colcon_core.verb:set package 'testing_gazebo' build argument 'cmake_target_skip_unavailable' from command line to 'False'
[0.436s] Level 5:colcon.colcon_core.verb:set package 'testing_gazebo' build argument 'cmake_clean_cache' from command line to 'False'
[0.436s] Level 5:colcon.colcon_core.verb:set package 'testing_gazebo' build argument 'cmake_clean_first' from command line to 'False'
[0.436s] Level 5:colcon.colcon_core.verb:set package 'testing_gazebo' build argument 'cmake_force_configure' from command line to 'False'
[0.436s] Level 5:colcon.colcon_core.verb:set package 'testing_gazebo' build argument 'ament_cmake_args' from command line to 'None'
[0.436s] Level 5:colcon.colcon_core.verb:set package 'testing_gazebo' build argument 'catkin_cmake_args' from command line to 'None'
[0.436s] Level 5:colcon.colcon_core.verb:set package 'testing_gazebo' build argument 'catkin_skip_building_tests' from command line to 'False'
[0.436s] DEBUG:colcon.colcon_core.verb:Building package 'testing_gazebo' with the following arguments: {'ament_cmake_args': None, 'build_base': '/home/konu/Desktop/stuff/ros2_gazebo_custom_plug_ws/build/testing_gazebo', 'catkin_cmake_args': None, 'catkin_skip_building_tests': False, 'cmake_args': None, 'cmake_clean_cache': False, 'cmake_clean_first': False, 'cmake_force_configure': False, 'cmake_target': None, 'cmake_target_skip_unavailable': False, 'install_base': '/home/konu/Desktop/stuff/ros2_gazebo_custom_plug_ws/install/testing_gazebo', 'merge_install': False, 'path': '/home/konu/Desktop/stuff/ros2_gazebo_custom_plug_ws/src/testing_gazebo', 'symlink_install': True, 'test_result_base': None}
[0.441s] INFO:colcon.colcon_core.executor:Executing jobs using 'parallel' executor
[0.442s] DEBUG:colcon.colcon_parallel_executor.executor.parallel:run_until_complete
[0.443s] INFO:colcon.colcon_ros.task.ament_cmake.build:Building ROS package in '/home/konu/Desktop/stuff/ros2_gazebo_custom_plug_ws/src/testing_gazebo' with build type 'ament_cmake'
[0.451s] INFO:colcon.colcon_core.plugin_system:Skipping extension 'colcon_core.shell.bat': Not used on non-Windows systems
[0.452s] INFO:colcon.colcon_cmake.task.cmake.build:Building CMake package in '/home/konu/Desktop/stuff/ros2_gazebo_custom_plug_ws/src/testing_gazebo'
[0.454s] INFO:colcon.colcon_core.shell:Skip shell extension 'powershell' for command environment: Not usable outside of PowerShell
[0.454s] DEBUG:colcon.colcon_core.shell:Skip shell extension 'dsv' for command environment
[0.462s] DEBUG:colcon.colcon_core.shell:Ignoring prefix path '/opt/ros/dashing'
[0.518s] DEBUG:colcon.colcon_core.event_handler.log_command:Invoking command in '/home/konu/Desktop/stuff/ros2_gazebo_custom_plug_ws/build/testing_gazebo': CMAKE_PREFIX_PATH=/opt/ros/dashing /usr/bin/cmake --build /home/konu/Desktop/stuff/ros2_gazebo_custom_plug_ws/build/testing_gazebo -- -j4 -l4
[13.923s] DEBUG:colcon.colcon_core.event_handler.log_command:Invoked command in '/home/konu/Desktop/stuff/ros2_gazebo_custom_plug_ws/build/testing_gazebo' returned '0': CMAKE_PREFIX_PATH=/opt/ros/dashing /usr/bin/cmake --build /home/konu/Desktop/stuff/ros2_gazebo_custom_plug_ws/build/testing_gazebo -- -j4 -l4
[13.976s] DEBUG:colcon.colcon_core.event_handler.log_command:Invoking command in '/home/konu/Desktop/stuff/ros2_gazebo_custom_plug_ws/build/testing_gazebo': CMAKE_PREFIX_PATH=/opt/ros/dashing /usr/bin/cmake --build /home/konu/Desktop/stuff/ros2_gazebo_custom_plug_ws/build/testing_gazebo --target install -- -j4 -l4
[14.211s] Level 1:colcon.colcon_core.environment:create_environment_scripts_only(testing_gazebo)
[14.213s] DEBUG:colcon.colcon_core.event_handler.log_command:Invoked command in '/home/konu/Desktop/stuff/ros2_gazebo_custom_plug_ws/build/testing_gazebo' returned '0': CMAKE_PREFIX_PATH=/opt/ros/dashing /usr/bin/cmake --build /home/konu/Desktop/stuff/ros2_gazebo_custom_plug_ws/build/testing_gazebo --target install -- -j4 -l4
[14.224s] Level 1:colcon.colcon_core.environment:checking '/home/konu/Desktop/stuff/ros2_gazebo_custom_plug_ws/install/testing_gazebo' for CMake module files
[14.226s] Level 1:colcon.colcon_core.environment:checking '/home/konu/Desktop/stuff/ros2_gazebo_custom_plug_ws/install/testing_gazebo' for CMake config files
[14.227s] Level 1:colcon.colcon_core.shell:create_environment_hook('testing_gazebo', 'cmake_prefix_path')
[14.229s] INFO:colcon.colcon_core.shell:Creating environment hook '/home/konu/Desktop/stuff/ros2_gazebo_custom_plug_ws/install/testing_gazebo/share/testing_gazebo/hook/cmake_prefix_path.ps1'
[14.231s] INFO:colcon.colcon_core.shell:Creating environment descriptor '/home/konu/Desktop/stuff/ros2_gazebo_custom_plug_ws/install/testing_gazebo/share/testing_gazebo/hook/cmake_prefix_path.dsv'
[14.232s] INFO:colcon.colcon_core.shell:Creating environment hook '/home/konu/Desktop/stuff/ros2_gazebo_custom_plug_ws/install/testing_gazebo/share/testing_gazebo/hook/cmake_prefix_path.sh'
[14.236s] Level 1:colcon.colcon_core.environment:checking '/home/konu/Desktop/stuff/ros2_gazebo_custom_plug_ws/install/testing_gazebo/lib'
[14.236s] Level 1:colcon.colcon_core.shell:create_environment_hook('testing_gazebo', 'ld_library_path_lib')
[14.238s] INFO:colcon.colcon_core.shell:Creating environment hook '/home/konu/Desktop/stuff/ros2_gazebo_custom_plug_ws/install/testing_gazebo/share/testing_gazebo/hook/ld_library_path_lib.ps1'
[14.239s] INFO:colcon.colcon_core.shell:Creating environment descriptor '/home/konu/Desktop/stuff/ros2_gazebo_custom_plug_ws/install/testing_gazebo/share/testing_gazebo/hook/ld_library_path_lib.dsv'
[14.240s] INFO:colcon.colcon_core.shell:Creating environment hook '/home/konu/Desktop/stuff/ros2_gazebo_custom_plug_ws/install/testing_gazebo/share/testing_gazebo/hook/ld_library_path_lib.sh'
[14.241s] Level 1:colcon.colcon_core.environment:checking '/home/konu/Desktop/stuff/ros2_gazebo_custom_plug_ws/install/testing_gazebo/bin'
[14.242s] Level 1:colcon.colcon_core.environment:checking '/home/konu/Desktop/stuff/ros2_gazebo_custom_plug_ws/install/testing_gazebo/lib/pkgconfig/testing_gazebo.pc'
[14.242s] Level 1:colcon.colcon_core.environment:checking '/home/konu/Desktop/stuff/ros2_gazebo_custom_plug_ws/install/testing_gazebo/lib/python3.6/site-packages'
[14.244s] INFO:colcon.colcon_core.shell:Creating package script '/home/konu/Desktop/stuff/ros2_gazebo_custom_plug_ws/install/testing_gazebo/share/testing_gazebo/package.ps1'
[14.247s] INFO:colcon.colcon_core.shell:Creating package descriptor '/home/konu/Desktop/stuff/ros2_gazebo_custom_plug_ws/install/testing_gazebo/share/testing_gazebo/package.dsv'
[14.252s] INFO:colcon.colcon_core.shell:Creating package script '/home/konu/Desktop/stuff/ros2_gazebo_custom_plug_ws/install/testing_gazebo/share/testing_gazebo/package.sh'
[14.255s] INFO:colcon.colcon_core.shell:Creating package script '/home/konu/Desktop/stuff/ros2_gazebo_custom_plug_ws/install/testing_gazebo/share/testing_gazebo/package.bash'
[14.258s] INFO:colcon.colcon_core.shell:Creating package script '/home/konu/Desktop/stuff/ros2_gazebo_custom_plug_ws/install/testing_gazebo/share/testing_gazebo/package.zsh'
[14.260s] Level 1:colcon.colcon_core.environment:create_file_with_runtime_dependencies(/home/konu/Desktop/stuff/ros2_gazebo_custom_plug_ws/install/testing_gazebo/share/colcon-core/packages/testing_gazebo)
[14.261s] DEBUG:colcon.colcon_parallel_executor.executor.parallel:closing loop
[14.262s] DEBUG:colcon.colcon_parallel_executor.executor.parallel:loop closed
[14.263s] DEBUG:colcon.colcon_parallel_executor.executor.parallel:run_until_complete finished with '0'
[14.263s] DEBUG:colcon.colcon_core.event_reactor:joining thread
[14.295s] INFO:colcon.colcon_core.plugin_system:Skipping extension 'colcon_notification.desktop_notification.terminal_notifier': Not used on non-Darwin systems
[14.295s] INFO:colcon.colcon_core.plugin_system:Skipping extension 'colcon_notification.desktop_notification.win32': Not used on non-Windows systems
[14.295s] INFO:colcon.colcon_notification.desktop_notification:Sending desktop notification using 'notify2'
[14.299s] DEBUG:colcon.colcon_core.event_reactor:joined thread
[14.301s] INFO:colcon.colcon_core.shell:Creating prefix script '/home/konu/Desktop/stuff/ros2_gazebo_custom_plug_ws/install/local_setup.ps1'
[14.305s] INFO:colcon.colcon_core.shell:Creating prefix chain script '/home/konu/Desktop/stuff/ros2_gazebo_custom_plug_ws/install/setup.ps1'
[14.309s] INFO:colcon.colcon_core.shell:Creating prefix script '/home/konu/Desktop/stuff/ros2_gazebo_custom_plug_ws/install/local_setup.sh'
[14.310s] INFO:colcon.colcon_core.shell:Creating prefix util module '/home/konu/Desktop/stuff/ros2_gazebo_custom_plug_ws/install/_local_setup_util_sh.py'
[14.313s] INFO:colcon.colcon_core.shell:Creating prefix chain script '/home/konu/Desktop/stuff/ros2_gazebo_custom_plug_ws/install/setup.sh'
[14.317s] INFO:colcon.colcon_core.shell:Creating prefix script '/home/konu/Desktop/stuff/ros2_gazebo_custom_plug_ws/install/local_setup.bash'
[14.318s] INFO:colcon.colcon_core.shell:Creating prefix chain script '/home/konu/Desktop/stuff/ros2_gazebo_custom_plug_ws/install/setup.bash'
[14.322s] INFO:colcon.colcon_core.shell:Creating prefix script '/home/konu/Desktop/stuff/ros2_gazebo_custom_plug_ws/install/local_setup.zsh'
[14.323s] INFO:colcon.colcon_core.shell:Creating prefix chain script '/home/konu/Desktop/stuff/ros2_gazebo_custom_plug_ws/install/setup.zsh'
